<?xml version="1.0" encoding="UTF-8"?>
<testsuite xmlns:xsi="http://www.w3.org/2001/XMLSchema-instance" xsi:noNamespaceSchemaLocation="https://maven.apache.org/surefire/maven-surefire-plugin/xsd/surefire-test-report-3.0.xsd" version="3.0" name="GroupsTest.AdamReviewsTest" time="0.206" tests="3" errors="0" skipped="0" failures="0">
  <properties>
[...]
</properties>
  <testcase name="testUpdateReview" classname="GroupsTest.AdamReviewsTest" time="0.006">
    <system-out><![CDATA[2024-05-03T10:07:15.548-05:00  WARN 20530 --- [o-auto-1-exec-1] .w.s.m.s.DefaultHandlerExceptionResolver : Resolved [org.springframework.http.converter.HttpMessageNotReadableException: JSON parse error: Cannot invoke "java.lang.Integer.intValue()" because "stars" is null]
Response Status Code: 400
Response Body: {"timestamp":"2024-05-03T15:07:15.549+00:00","status":400,"error":"Bad Request","path":"/api/updateReview/valid_token_here/456"}
]]></system-out>
  </testcase>
  <testcase name="testDeleteReview" classname="GroupsTest.AdamReviewsTest" time="0.192"/>
  <testcase name="testPostReview" classname="GroupsTest.AdamReviewsTest" time="0.004"/>
</testsuite>