<?xml version="1.0" encoding="UTF-8"?>
<testsuite xmlns:xsi="http://www.w3.org/2001/XMLSchema-instance" xsi:noNamespaceSchemaLocation="https://maven.apache.org/surefire/maven-surefire-plugin/xsd/surefire-test-report-3.0.xsd" version="3.0" name="GroupsTest.UserSystemTest" time="1.49" tests="5" errors="0" skipped="0" failures="0">
  <properties>
[...]
</properties>
  <testcase name="testGetUserFoundRequests" classname="GroupsTest.UserSystemTest" time="0.028">
    <system-out><![CDATA[Hibernate: select fr1_0.id,fr1_0.location_id,fr1_0.description,fr1_0.images_id,fr1_0.item_name,fr1_0.place,fr1_0.status,fr1_0.user_id from found_request fr1_0
Hibernate: select i1_0.id,i1_0.file_path from images i1_0 where i1_0.id=?
Hibernate: select fr1_0.id,l1_0.location_id,l1_0.location_name,fr1_0.description,i1_0.id,i1_0.file_path,fr1_0.item_name,fr1_0.place,fr1_0.status,u1_0.user_id,u1_0.academic_year,u1_0.email,i2_0.id,i2_0.file_path,u1_0.major,u1_0.password,u1_0.token,u1_0.user_name,u1_0.userotp from found_request fr1_0 left join locations l1_0 on l1_0.location_id=fr1_0.location_id left join images i1_0 on i1_0.id=fr1_0.images_id left join users u1_0 on u1_0.user_id=fr1_0.user_id left join images i2_0 on i2_0.id=u1_0.images_id where fr1_0.images_id=?
Hibernate: select pm1_0.peer_mentor_id,pm1_0.average_rating,pm1_0.course,pm1_0.major,pm1_0.name,pm1_0.user_id from peer_mentor pm1_0 where pm1_0.user_id=?
Hibernate: select lr1_0.id,l1_0.location_id,l1_0.location_name,lr1_0.description,i1_0.id,i1_0.file_path,lr1_0.item_name,lr1_0.place,lr1_0.status,u1_0.user_id,u1_0.academic_year,u1_0.email,i2_0.id,i2_0.file_path,u1_0.major,u1_0.password,u1_0.token,u1_0.user_name,u1_0.userotp from lost_request lr1_0 left join locations l1_0 on l1_0.location_id=lr1_0.location_id left join images i1_0 on i1_0.id=lr1_0.images_id left join users u1_0 on u1_0.user_id=lr1_0.user_id left join images i2_0 on i2_0.id=u1_0.images_id where lr1_0.images_id=?
Hibernate: select u1_0.user_id,u1_0.academic_year,u1_0.email,i1_0.id,i1_0.file_path,u1_0.major,u1_0.password,u1_0.token,u1_0.user_name,u1_0.userotp from users u1_0 left join images i1_0 on i1_0.id=u1_0.images_id where u1_0.images_id=?
Hibernate: select l1_0.location_id,l1_0.location_name from locations l1_0 where l1_0.location_id=?
Hibernate: select u1_0.user_id,u1_0.academic_year,u1_0.email,i1_0.id,i1_0.file_path,u1_0.major,u1_0.password,u1_0.token,u1_0.user_name,u1_0.userotp from users u1_0 left join images i1_0 on i1_0.id=u1_0.images_id where u1_0.user_id=?
Hibernate: select fr1_0.id,l1_0.location_id,l1_0.location_name,fr1_0.description,i1_0.id,i1_0.file_path,fr1_0.item_name,fr1_0.place,fr1_0.status,u1_0.user_id,u1_0.academic_year,u1_0.email,i2_0.id,i2_0.file_path,u1_0.major,u1_0.password,u1_0.token,u1_0.user_name,u1_0.userotp from found_request fr1_0 left join locations l1_0 on l1_0.location_id=fr1_0.location_id left join images i1_0 on i1_0.id=fr1_0.images_id left join users u1_0 on u1_0.user_id=fr1_0.user_id left join images i2_0 on i2_0.id=u1_0.images_id where fr1_0.images_id=?
Hibernate: select lr1_0.id,l1_0.location_id,l1_0.location_name,lr1_0.description,i1_0.id,i1_0.file_path,lr1_0.item_name,lr1_0.place,lr1_0.status,u1_0.user_id,u1_0.academic_year,u1_0.email,i2_0.id,i2_0.file_path,u1_0.major,u1_0.password,u1_0.token,u1_0.user_name,u1_0.userotp from lost_request lr1_0 left join locations l1_0 on l1_0.location_id=lr1_0.location_id left join images i1_0 on i1_0.id=lr1_0.images_id left join users u1_0 on u1_0.user_id=lr1_0.user_id left join images i2_0 on i2_0.id=u1_0.images_id where lr1_0.images_id=?
Hibernate: select pm1_0.peer_mentor_id,pm1_0.average_rating,pm1_0.course,pm1_0.major,pm1_0.name,pm1_0.user_id from peer_mentor pm1_0 where pm1_0.user_id=?
Hibernate: select i1_0.id,i1_0.file_path from images i1_0 where i1_0.id=?
Hibernate: select fr1_0.id,l1_0.location_id,l1_0.location_name,fr1_0.description,i1_0.id,i1_0.file_path,fr1_0.item_name,fr1_0.place,fr1_0.status,u1_0.user_id,u1_0.academic_year,u1_0.email,i2_0.id,i2_0.file_path,u1_0.major,u1_0.password,u1_0.token,u1_0.user_name,u1_0.userotp from found_request fr1_0 left join locations l1_0 on l1_0.location_id=fr1_0.location_id left join images i1_0 on i1_0.id=fr1_0.images_id left join users u1_0 on u1_0.user_id=fr1_0.user_id left join images i2_0 on i2_0.id=u1_0.images_id where fr1_0.images_id=?
Hibernate: select lr1_0.id,l1_0.location_id,l1_0.location_name,lr1_0.description,i1_0.id,i1_0.file_path,lr1_0.item_name,lr1_0.place,lr1_0.status,u1_0.user_id,u1_0.academic_year,u1_0.email,i2_0.id,i2_0.file_path,u1_0.major,u1_0.password,u1_0.token,u1_0.user_name,u1_0.userotp from lost_request lr1_0 left join locations l1_0 on l1_0.location_id=lr1_0.location_id left join images i1_0 on i1_0.id=lr1_0.images_id left join users u1_0 on u1_0.user_id=lr1_0.user_id left join images i2_0 on i2_0.id=u1_0.images_id where lr1_0.images_id=?
Hibernate: select u1_0.user_id,u1_0.academic_year,u1_0.email,i1_0.id,i1_0.file_path,u1_0.major,u1_0.password,u1_0.token,u1_0.user_name,u1_0.userotp from users u1_0 left join images i1_0 on i1_0.id=u1_0.images_id where u1_0.images_id=?
Hibernate: select r1_0.peer_mentor_id,r1_0.id,r1_0.comment,r1_0.stars,u1_0.user_id,u1_0.academic_year,u1_0.email,i1_0.id,i1_0.file_path,u1_0.major,u1_0.password,u1_0.token,u1_0.user_name,u1_0.userotp from reviews r1_0 left join users u1_0 on u1_0.user_id=r1_0.user_id left join images i1_0 on i1_0.id=u1_0.images_id where r1_0.peer_mentor_id=?
]]></system-out>
  </testcase>
  <testcase name="testGetAllUsers" classname="GroupsTest.UserSystemTest" time="0.051">
    <system-out><![CDATA[Hibernate: select u1_0.user_id,u1_0.academic_year,u1_0.email,u1_0.images_id,u1_0.major,u1_0.password,u1_0.token,u1_0.user_name,u1_0.userotp from users u1_0
Hibernate: select pm1_0.peer_mentor_id,pm1_0.average_rating,pm1_0.course,pm1_0.major,pm1_0.name,pm1_0.user_id from peer_mentor pm1_0 where pm1_0.user_id=?
Hibernate: select pm1_0.peer_mentor_id,pm1_0.average_rating,pm1_0.course,pm1_0.major,pm1_0.name,pm1_0.user_id from peer_mentor pm1_0 where pm1_0.user_id=?
Hibernate: select i1_0.id,i1_0.file_path from images i1_0 where i1_0.id=?
Hibernate: select fr1_0.id,l1_0.location_id,l1_0.location_name,fr1_0.description,i1_0.id,i1_0.file_path,fr1_0.item_name,fr1_0.place,fr1_0.status,u1_0.user_id,u1_0.academic_year,u1_0.email,i2_0.id,i2_0.file_path,u1_0.major,u1_0.password,u1_0.token,u1_0.user_name,u1_0.userotp from found_request fr1_0 left join locations l1_0 on l1_0.location_id=fr1_0.location_id left join images i1_0 on i1_0.id=fr1_0.images_id left join users u1_0 on u1_0.user_id=fr1_0.user_id left join images i2_0 on i2_0.id=u1_0.images_id where fr1_0.images_id=?
Hibernate: select lr1_0.id,l1_0.location_id,l1_0.location_name,lr1_0.description,i1_0.id,i1_0.file_path,lr1_0.item_name,lr1_0.place,lr1_0.status,u1_0.user_id,u1_0.academic_year,u1_0.email,i2_0.id,i2_0.file_path,u1_0.major,u1_0.password,u1_0.token,u1_0.user_name,u1_0.userotp from lost_request lr1_0 left join locations l1_0 on l1_0.location_id=lr1_0.location_id left join images i1_0 on i1_0.id=lr1_0.images_id left join users u1_0 on u1_0.user_id=lr1_0.user_id left join images i2_0 on i2_0.id=u1_0.images_id where lr1_0.images_id=?
Hibernate: select u1_0.user_id,u1_0.academic_year,u1_0.email,i1_0.id,i1_0.file_path,u1_0.major,u1_0.password,u1_0.token,u1_0.user_name,u1_0.userotp from users u1_0 left join images i1_0 on i1_0.id=u1_0.images_id where u1_0.images_id=?
Hibernate: select pm1_0.peer_mentor_id,pm1_0.average_rating,pm1_0.course,pm1_0.major,pm1_0.name,pm1_0.user_id from peer_mentor pm1_0 where pm1_0.user_id=?
Hibernate: select pm1_0.peer_mentor_id,pm1_0.average_rating,pm1_0.course,pm1_0.major,pm1_0.name,pm1_0.user_id from peer_mentor pm1_0 where pm1_0.user_id=?
Hibernate: select pm1_0.peer_mentor_id,pm1_0.average_rating,pm1_0.course,pm1_0.major,pm1_0.name,pm1_0.user_id from peer_mentor pm1_0 where pm1_0.user_id=?
Hibernate: select pm1_0.peer_mentor_id,pm1_0.average_rating,pm1_0.course,pm1_0.major,pm1_0.name,pm1_0.user_id from peer_mentor pm1_0 where pm1_0.user_id=?
Hibernate: select pm1_0.peer_mentor_id,pm1_0.average_rating,pm1_0.course,pm1_0.major,pm1_0.name,pm1_0.user_id from peer_mentor pm1_0 where pm1_0.user_id=?
Hibernate: select pm1_0.peer_mentor_id,pm1_0.average_rating,pm1_0.course,pm1_0.major,pm1_0.name,pm1_0.user_id from peer_mentor pm1_0 where pm1_0.user_id=?
Hibernate: select pm1_0.peer_mentor_id,pm1_0.average_rating,pm1_0.course,pm1_0.major,pm1_0.name,pm1_0.user_id from peer_mentor pm1_0 where pm1_0.user_id=?
Hibernate: select pm1_0.peer_mentor_id,pm1_0.average_rating,pm1_0.course,pm1_0.major,pm1_0.name,pm1_0.user_id from peer_mentor pm1_0 where pm1_0.user_id=?
Hibernate: select pm1_0.peer_mentor_id,pm1_0.average_rating,pm1_0.course,pm1_0.major,pm1_0.name,pm1_0.user_id from peer_mentor pm1_0 where pm1_0.user_id=?
Hibernate: select pm1_0.peer_mentor_id,pm1_0.average_rating,pm1_0.course,pm1_0.major,pm1_0.name,pm1_0.user_id from peer_mentor pm1_0 where pm1_0.user_id=?
Hibernate: select pm1_0.peer_mentor_id,pm1_0.average_rating,pm1_0.course,pm1_0.major,pm1_0.name,pm1_0.user_id from peer_mentor pm1_0 where pm1_0.user_id=?
Hibernate: select pm1_0.peer_mentor_id,pm1_0.average_rating,pm1_0.course,pm1_0.major,pm1_0.name,pm1_0.user_id from peer_mentor pm1_0 where pm1_0.user_id=?
Hibernate: select pm1_0.peer_mentor_id,pm1_0.average_rating,pm1_0.course,pm1_0.major,pm1_0.name,pm1_0.user_id from peer_mentor pm1_0 where pm1_0.user_id=?
Hibernate: select pm1_0.peer_mentor_id,pm1_0.average_rating,pm1_0.course,pm1_0.major,pm1_0.name,pm1_0.user_id from peer_mentor pm1_0 where pm1_0.user_id=?
Hibernate: select pm1_0.peer_mentor_id,pm1_0.average_rating,pm1_0.course,pm1_0.major,pm1_0.name,pm1_0.user_id from peer_mentor pm1_0 where pm1_0.user_id=?
Hibernate: select pm1_0.peer_mentor_id,pm1_0.average_rating,pm1_0.course,pm1_0.major,pm1_0.name,pm1_0.user_id from peer_mentor pm1_0 where pm1_0.user_id=?
Hibernate: select pm1_0.peer_mentor_id,pm1_0.average_rating,pm1_0.course,pm1_0.major,pm1_0.name,pm1_0.user_id from peer_mentor pm1_0 where pm1_0.user_id=?
Hibernate: select pm1_0.peer_mentor_id,pm1_0.average_rating,pm1_0.course,pm1_0.major,pm1_0.name,pm1_0.user_id from peer_mentor pm1_0 where pm1_0.user_id=?
Hibernate: select pm1_0.peer_mentor_id,pm1_0.average_rating,pm1_0.course,pm1_0.major,pm1_0.name,pm1_0.user_id from peer_mentor pm1_0 where pm1_0.user_id=?
Hibernate: select pm1_0.peer_mentor_id,pm1_0.average_rating,pm1_0.course,pm1_0.major,pm1_0.name,pm1_0.user_id from peer_mentor pm1_0 where pm1_0.user_id=?
Hibernate: select pm1_0.peer_mentor_id,pm1_0.average_rating,pm1_0.course,pm1_0.major,pm1_0.name,pm1_0.user_id from peer_mentor pm1_0 where pm1_0.user_id=?
Hibernate: select pm1_0.peer_mentor_id,pm1_0.average_rating,pm1_0.course,pm1_0.major,pm1_0.name,pm1_0.user_id from peer_mentor pm1_0 where pm1_0.user_id=?
Hibernate: select pm1_0.peer_mentor_id,pm1_0.average_rating,pm1_0.course,pm1_0.major,pm1_0.name,pm1_0.user_id from peer_mentor pm1_0 where pm1_0.user_id=?
Hibernate: select pm1_0.peer_mentor_id,pm1_0.average_rating,pm1_0.course,pm1_0.major,pm1_0.name,pm1_0.user_id from peer_mentor pm1_0 where pm1_0.user_id=?
Hibernate: select pm1_0.peer_mentor_id,pm1_0.average_rating,pm1_0.course,pm1_0.major,pm1_0.name,pm1_0.user_id from peer_mentor pm1_0 where pm1_0.user_id=?
Hibernate: select pm1_0.peer_mentor_id,pm1_0.average_rating,pm1_0.course,pm1_0.major,pm1_0.name,pm1_0.user_id from peer_mentor pm1_0 where pm1_0.user_id=?
Hibernate: select pm1_0.peer_mentor_id,pm1_0.average_rating,pm1_0.course,pm1_0.major,pm1_0.name,pm1_0.user_id from peer_mentor pm1_0 where pm1_0.user_id=?
Hibernate: select pm1_0.peer_mentor_id,pm1_0.average_rating,pm1_0.course,pm1_0.major,pm1_0.name,pm1_0.user_id from peer_mentor pm1_0 where pm1_0.user_id=?
Hibernate: select pm1_0.peer_mentor_id,pm1_0.average_rating,pm1_0.course,pm1_0.major,pm1_0.name,pm1_0.user_id from peer_mentor pm1_0 where pm1_0.user_id=?
Hibernate: select pm1_0.peer_mentor_id,pm1_0.average_rating,pm1_0.course,pm1_0.major,pm1_0.name,pm1_0.user_id from peer_mentor pm1_0 where pm1_0.user_id=?
Hibernate: select pm1_0.peer_mentor_id,pm1_0.average_rating,pm1_0.course,pm1_0.major,pm1_0.name,pm1_0.user_id from peer_mentor pm1_0 where pm1_0.user_id=?
Hibernate: select pm1_0.peer_mentor_id,pm1_0.average_rating,pm1_0.course,pm1_0.major,pm1_0.name,pm1_0.user_id from peer_mentor pm1_0 where pm1_0.user_id=?
Hibernate: select pm1_0.peer_mentor_id,pm1_0.average_rating,pm1_0.course,pm1_0.major,pm1_0.name,pm1_0.user_id from peer_mentor pm1_0 where pm1_0.user_id=?
Hibernate: select pm1_0.peer_mentor_id,pm1_0.average_rating,pm1_0.course,pm1_0.major,pm1_0.name,pm1_0.user_id from peer_mentor pm1_0 where pm1_0.user_id=?
Hibernate: select pm1_0.peer_mentor_id,pm1_0.average_rating,pm1_0.course,pm1_0.major,pm1_0.name,pm1_0.user_id from peer_mentor pm1_0 where pm1_0.user_id=?
Hibernate: select pm1_0.peer_mentor_id,pm1_0.average_rating,pm1_0.course,pm1_0.major,pm1_0.name,pm1_0.user_id from peer_mentor pm1_0 where pm1_0.user_id=?
Hibernate: select pm1_0.peer_mentor_id,pm1_0.average_rating,pm1_0.course,pm1_0.major,pm1_0.name,pm1_0.user_id from peer_mentor pm1_0 where pm1_0.user_id=?
Hibernate: select pm1_0.peer_mentor_id,pm1_0.average_rating,pm1_0.course,pm1_0.major,pm1_0.name,pm1_0.user_id from peer_mentor pm1_0 where pm1_0.user_id=?
Hibernate: select pm1_0.peer_mentor_id,pm1_0.average_rating,pm1_0.course,pm1_0.major,pm1_0.name,pm1_0.user_id from peer_mentor pm1_0 where pm1_0.user_id=?
Hibernate: select pm1_0.peer_mentor_id,pm1_0.average_rating,pm1_0.course,pm1_0.major,pm1_0.name,pm1_0.user_id from peer_mentor pm1_0 where pm1_0.user_id=?
Hibernate: select pm1_0.peer_mentor_id,pm1_0.average_rating,pm1_0.course,pm1_0.major,pm1_0.name,pm1_0.user_id from peer_mentor pm1_0 where pm1_0.user_id=?
Hibernate: select pm1_0.peer_mentor_id,pm1_0.average_rating,pm1_0.course,pm1_0.major,pm1_0.name,pm1_0.user_id from peer_mentor pm1_0 where pm1_0.user_id=?
Hibernate: select pm1_0.peer_mentor_id,pm1_0.average_rating,pm1_0.course,pm1_0.major,pm1_0.name,pm1_0.user_id from peer_mentor pm1_0 where pm1_0.user_id=?
Hibernate: select r1_0.peer_mentor_id,r1_0.id,r1_0.comment,r1_0.stars,u1_0.user_id,u1_0.academic_year,u1_0.email,i1_0.id,i1_0.file_path,u1_0.major,u1_0.password,u1_0.token,u1_0.user_name,u1_0.userotp from reviews r1_0 left join users u1_0 on u1_0.user_id=r1_0.user_id left join images i1_0 on i1_0.id=u1_0.images_id where r1_0.peer_mentor_id=?
Hibernate: select r1_0.peer_mentor_id,r1_0.id,r1_0.comment,r1_0.stars,u1_0.user_id,u1_0.academic_year,u1_0.email,i1_0.id,i1_0.file_path,u1_0.major,u1_0.password,u1_0.token,u1_0.user_name,u1_0.userotp from reviews r1_0 left join users u1_0 on u1_0.user_id=r1_0.user_id left join images i1_0 on i1_0.id=u1_0.images_id where r1_0.peer_mentor_id=?
Hibernate: select r1_0.peer_mentor_id,r1_0.id,r1_0.comment,r1_0.stars,u1_0.user_id,u1_0.academic_year,u1_0.email,i1_0.id,i1_0.file_path,u1_0.major,u1_0.password,u1_0.token,u1_0.user_name,u1_0.userotp from reviews r1_0 left join users u1_0 on u1_0.user_id=r1_0.user_id left join images i1_0 on i1_0.id=u1_0.images_id where r1_0.peer_mentor_id=?
]]></system-out>
  </testcase>
  <testcase name="testRegisterUser" classname="GroupsTest.UserSystemTest" time="0.019">
    <system-out><![CDATA[Hibernate: insert into users (academic_year,email,images_id,major,password,token,user_name,userotp) values (?,?,?,?,?,?,?,?)
]]></system-out>
  </testcase>
  <testcase name="testGetUserLostRequest" classname="GroupsTest.UserSystemTest" time="0.009">
    <system-out><![CDATA[Hibernate: select lr1_0.id,lr1_0.location_id,lr1_0.description,lr1_0.images_id,lr1_0.item_name,lr1_0.place,lr1_0.status,lr1_0.user_id from lost_request lr1_0
]]></system-out>
  </testcase>
  <testcase name="testGenerateOTP" classname="GroupsTest.UserSystemTest" time="1.377">
    <system-out><![CDATA[Hibernate: select u1_0.user_id,u1_0.academic_year,u1_0.email,u1_0.images_id,u1_0.major,u1_0.password,u1_0.token,u1_0.user_name,u1_0.userotp from users u1_0 where u1_0.email=?
Hibernate: select pm1_0.peer_mentor_id,pm1_0.average_rating,pm1_0.course,pm1_0.major,pm1_0.name,pm1_0.user_id from peer_mentor pm1_0 where pm1_0.user_id=?
Hibernate: update users set academic_year=?,email=?,images_id=?,major=?,password=?,token=?,user_name=?,userotp=? where user_id=?
DEBUG: Jakarta Mail version 2.1.2
DEBUG: URL jar:file:/Users/hrishikesh/.m2/repository/org/eclipse/angus/jakarta.mail/2.0.2/jakarta.mail-2.0.2.jar!/META-INF/javamail.providers
DEBUG: successfully loaded resource: jar:file:/Users/hrishikesh/.m2/repository/org/eclipse/angus/jakarta.mail/2.0.2/jakarta.mail-2.0.2.jar!/META-INF/javamail.providers
DEBUG: successfully loaded resource: /META-INF/javamail.default.providers
DEBUG: Tables of loaded providers
DEBUG: Providers Listed By Class Name: {org.eclipse.angus.mail.imap.IMAPStore=jakarta.mail.Provider[STORE,imap,org.eclipse.angus.mail.imap.IMAPStore,Oracle], org.eclipse.angus.mail.smtp.SMTPTransport=jakarta.mail.Provider[TRANSPORT,smtp,org.eclipse.angus.mail.smtp.SMTPTransport,Oracle], org.eclipse.angus.mail.pop3.POP3Store=jakarta.mail.Provider[STORE,pop3,org.eclipse.angus.mail.pop3.POP3Store,Oracle], org.eclipse.angus.mail.pop3.POP3SSLStore=jakarta.mail.Provider[STORE,pop3s,org.eclipse.angus.mail.pop3.POP3SSLStore,Oracle], org.eclipse.angus.mail.smtp.SMTPSSLTransport=jakarta.mail.Provider[TRANSPORT,smtps,org.eclipse.angus.mail.smtp.SMTPSSLTransport,Oracle], org.eclipse.angus.mail.imap.IMAPSSLStore=jakarta.mail.Provider[STORE,imaps,org.eclipse.angus.mail.imap.IMAPSSLStore,Oracle]}
DEBUG: Providers Listed By Protocol: {imap=jakarta.mail.Provider[STORE,imap,org.eclipse.angus.mail.imap.IMAPStore,Oracle], smtp=jakarta.mail.Provider[TRANSPORT,smtp,org.eclipse.angus.mail.smtp.SMTPTransport,Oracle], pop3=jakarta.mail.Provider[STORE,pop3,org.eclipse.angus.mail.pop3.POP3Store,Oracle], imaps=jakarta.mail.Provider[STORE,imaps,org.eclipse.angus.mail.imap.IMAPSSLStore,Oracle], smtps=jakarta.mail.Provider[TRANSPORT,smtps,org.eclipse.angus.mail.smtp.SMTPSSLTransport,Oracle], pop3s=jakarta.mail.Provider[STORE,pop3s,org.eclipse.angus.mail.pop3.POP3SSLStore,Oracle]}
DEBUG: successfully loaded resource: /META-INF/javamail.default.address.map
DEBUG: URL jar:file:/Users/hrishikesh/.m2/repository/org/eclipse/angus/jakarta.mail/2.0.2/jakarta.mail-2.0.2.jar!/META-INF/javamail.address.map
DEBUG: successfully loaded resource: jar:file:/Users/hrishikesh/.m2/repository/org/eclipse/angus/jakarta.mail/2.0.2/jakarta.mail-2.0.2.jar!/META-INF/javamail.address.map
DEBUG: getProvider() returning jakarta.mail.Provider[TRANSPORT,smtp,org.eclipse.angus.mail.smtp.SMTPTransport,Oracle]
DEBUG SMTP: useEhlo true, useAuth true
DEBUG SMTP: trying to connect to host "smtp.gmail.com", port 587, isSSL false
220 smtp.gmail.com ESMTP gb22-20020a056870671600b0023b7b58518esm640500oab.2 - gsmtp
DEBUG SMTP: connected to host "smtp.gmail.com", port: 587
EHLO 002269-monitor.lib.iastate.edu
250-smtp.gmail.com at your service, [129.186.252.157]
250-SIZE 35882577
250-8BITMIME
250-STARTTLS
250-ENHANCEDSTATUSCODES
250-PIPELINING
250-CHUNKING
250 SMTPUTF8
DEBUG SMTP: Found extension "SIZE", arg "35882577"
DEBUG SMTP: Found extension "8BITMIME", arg ""
DEBUG SMTP: Found extension "STARTTLS", arg ""
DEBUG SMTP: Found extension "ENHANCEDSTATUSCODES", arg ""
DEBUG SMTP: Found extension "PIPELINING", arg ""
DEBUG SMTP: Found extension "CHUNKING", arg ""
DEBUG SMTP: Found extension "SMTPUTF8", arg ""
STARTTLS
220 2.0.0 Ready to start TLS
EHLO 002269-monitor.lib.iastate.edu
250-smtp.gmail.com at your service, [129.186.252.157]
250-SIZE 35882577
250-8BITMIME
250-AUTH LOGIN PLAIN XOAUTH2 PLAIN-CLIENTTOKEN OAUTHBEARER XOAUTH
250-ENHANCEDSTATUSCODES
250-PIPELINING
250-CHUNKING
250 SMTPUTF8
DEBUG SMTP: Found extension "SIZE", arg "35882577"
DEBUG SMTP: Found extension "8BITMIME", arg ""
DEBUG SMTP: Found extension "AUTH", arg "LOGIN PLAIN XOAUTH2 PLAIN-CLIENTTOKEN OAUTHBEARER XOAUTH"
DEBUG SMTP: Found extension "ENHANCEDSTATUSCODES", arg ""
DEBUG SMTP: Found extension "PIPELINING", arg ""
DEBUG SMTP: Found extension "CHUNKING", arg ""
DEBUG SMTP: Found extension "SMTPUTF8", arg ""
DEBUG SMTP: protocolConnect login, host=smtp.gmail.com, user=findrightisu1@gmail.com, password=<non-null>
DEBUG SMTP: Attempt to authenticate using mechanisms: LOGIN PLAIN DIGEST-MD5 NTLM XOAUTH2 
DEBUG SMTP: Using mechanism LOGIN
DEBUG SMTP: AUTH LOGIN command trace suppressed
DEBUG SMTP: AUTH LOGIN succeeded
DEBUG SMTP: use8bit false
MAIL FROM:<findrightisu1@gmail.com>
250 2.1.0 OK gb22-20020a056870671600b0023b7b58518esm640500oab.2 - gsmtp
RCPT TO:<uchake@gmail.com>
250 2.1.5 OK gb22-20020a056870671600b0023b7b58518esm640500oab.2 - gsmtp
DEBUG SMTP: Verified Addresses
DEBUG SMTP:   uchake@gmail.com
DATA
354  Go ahead gb22-20020a056870671600b0023b7b58518esm640500oab.2 - gsmtp
Date: Fri, 3 May 2024 10:07:14 -0500 (CDT)
From: findrightisu1@gmail.com
To: uchake@gmail.com
Message-ID: <1852411100.0.1714748834778@002269-monitor.lib.iastate.edu>
Subject: Welcome to FindRight
MIME-Version: 1.0
Content-Type: text/plain; charset=us-ascii
Content-Transfer-Encoding: 7bit

Hey choco5
Your login OTP: 2844
Please use this number to verify
.
250 2.0.0 OK  1714748835 gb22-20020a056870671600b0023b7b58518esm640500oab.2 - gsmtp
DEBUG SMTP: message successfully delivered to mail server
QUIT
221 2.0.0 closing connection gb22-20020a056870671600b0023b7b58518esm640500oab.2 - gsmtp
]]></system-out>
  </testcase>
</testsuite>